C51 COMPILER V9.54   MAIN                                                                  11/18/2024 11:42:57 PAGE 1   


C51 COMPILER V9.54, COMPILATION OF MODULE MAIN
OBJECT MODULE PLACED IN .\Objects\main.obj
COMPILER INVOKED BY: C:\keil\C51\BIN\C51.EXE main.c OPTIMIZE(8,SPEED) BROWSE DEBUG OBJECTEXTEND PRINT(.\Listings\main.ls
                    -t) TABS(2) OBJECT(.\Objects\main.obj)

line level    source

   1          #include<REGX52.H>
   2          void delay_ms(unsigned int x)  
   3          {
   4   1          unsigned int i,j;
   5   1          if(x==1000)
   6   1          {
   7   2              for(i=0;i<19601;i++)
   8   2              {
   9   3                  for(j=5;j>0;j--);
  10   3              }
  11   2          }
  12   1          else while(x--)for(j=115;j>0;j--);
  13   1      }
  14          
  15          
  16          
  17          
  18          int main(void)
  19          {
  20   1         
  21   1         P2=0xFE;
  22   1          delay_ms(500);
  23   1           P2=0xFD;
  24   1          delay_ms(500);
  25   1           P2=0xFB;
  26   1          delay_ms(500);
  27   1           P2=0xF7;
  28   1          delay_ms(500);
  29   1           P2=0xEF;
  30   1          delay_ms(500);
  31   1           P2=0xDF;
  32   1           delay_ms(500);
  33   1           P2=0xBF;
  34   1           delay_ms(500);
  35   1           P2=0x7F;
  36   1           delay_ms(500);
  37   1      
  38   1          return 0;
  39   1      }


MODULE INFORMATION:   STATIC OVERLAYABLE
   CODE SIZE        =    121    ----
   CONSTANT SIZE    =   ----    ----
   XDATA SIZE       =   ----    ----
   PDATA SIZE       =   ----    ----
   DATA SIZE        =   ----    ----
   IDATA SIZE       =   ----    ----
   BIT SIZE         =   ----    ----
END OF MODULE INFORMATION.


C51 COMPILATION COMPLETE.  0 WARNING(S),  0 ERROR(S)
